2020-03-10 23:37:53,952 - root - INFO - allUrl: ['zhuanlan.zhihu.com/p/38313701', 'www.zhihu.com/question/346689192/answer/1064376338', 'zhuanlan.zhihu.com/p/111474151', 'www.zhihu.com/question/66889444/answer/1058163642', 'www.zhihu.com/question/375584466/answer/1058060317']......
2020-03-10 23:37:59,526 - root - INFO - 剪藏成功 : zhuanlan.zhihu.com/p/38313701
2020-03-10 23:38:10,406 - root - INFO - 剪藏成功 : www.zhihu.com/question/346689192/answer/1064376338
2020-03-10 23:38:16,592 - root - INFO - 剪藏成功 : zhuanlan.zhihu.com/p/111474151
2020-03-10 23:38:22,725 - root - INFO - 剪藏成功 : www.zhihu.com/question/66889444/answer/1058163642
2020-03-10 23:38:27,698 - root - INFO - 剪藏成功 : www.zhihu.com/question/375584466/answer/1058060317
2020-03-10 23:38:33,541 - root - INFO - 剪藏成功 : www.zhihu.com/question/333432678/answer/743622771
2020-03-10 23:38:38,878 - root - INFO - 剪藏成功 : www.zhihu.com/question/372662008/answer/1055566967
2020-03-10 23:38:45,149 - root - INFO - 剪藏成功 : www.zhihu.com/question/290664085/answer/1056733209
2020-03-10 23:38:52,549 - root - INFO - 剪藏成功 : www.zhihu.com/question/376546410/answer/1054407848
2020-03-10 23:38:58,241 - root - INFO - 剪藏成功 : www.zhihu.com/question/372240747/answer/1052979113
2020-03-10 23:39:03,521 - root - INFO - 剪藏成功 : www.zhihu.com/question/31976232/answer/107174082
2020-03-10 23:39:10,597 - root - INFO - 剪藏成功 : www.zhihu.com/question/21187972/answer/1047687790
2020-03-10 23:39:16,183 - root - INFO - 剪藏成功 : www.zhihu.com/question/368720545/answer/1026608402
2020-03-10 23:39:22,228 - root - INFO - 剪藏成功 : www.zhihu.com/question/308361969/answer/570221737
2020-03-10 23:39:27,930 - root - INFO - 剪藏成功 : www.zhihu.com/question/373505781/answer/1030303659
2020-03-10 23:39:33,366 - root - INFO - 剪藏成功 : www.zhihu.com/question/368072674/answer/1010865220
2020-03-10 23:39:38,593 - root - INFO - 剪藏成功 : www.zhihu.com/question/368072674/answer/1038428077
2020-03-10 23:39:46,194 - root - INFO - 剪藏成功 : www.zhihu.com/question/23049278/answer/125954573
2020-03-10 23:39:52,507 - root - INFO - 剪藏成功 : www.zhihu.com/question/373621699/answer/1031613691
2020-03-10 23:39:57,742 - root - INFO - 剪藏成功 : www.zhihu.com/question/372216926/answer/1036756776
2020-03-10 23:40:03,223 - root - INFO - 剪藏成功 : www.zhihu.com/question/56508958/answer/149568281
2020-03-10 23:40:08,919 - root - INFO - 剪藏成功 : www.zhihu.com/question/265031040/answer/910163077
2020-03-10 23:40:14,144 - root - INFO - 剪藏成功 : www.zhihu.com/question/304136206/answer/719308329
2020-03-10 23:40:20,911 - root - INFO - 剪藏成功 : www.zhihu.com/question/290543744/answer/595815243
2020-03-10 23:40:29,818 - root - INFO - 剪藏成功 : www.zhihu.com/question/28434997/answer/717329971
2020-03-10 23:40:36,123 - root - INFO - 剪藏成功 : www.zhihu.com/question/372527046/answer/1034083594
2020-03-10 23:40:42,116 - root - INFO - 剪藏成功 : www.zhihu.com/question/373968503/answer/1034347392
2020-03-10 23:40:49,851 - root - INFO - 剪藏成功 : www.zhihu.com/question/39188943/answer/80145192
2020-03-10 23:40:56,738 - root - INFO - 剪藏成功 : www.zhihu.com/question/39759814/answer/829073402
2020-03-10 23:41:02,498 - root - INFO - 剪藏成功 : www.zhihu.com/question/346780672/answer/829059693
2020-03-10 23:41:07,586 - root - INFO - 剪藏成功 : www.zhihu.com/question/292666710/answer/821231836
2020-03-10 23:41:14,479 - root - INFO - 剪藏成功 : www.zhihu.com/question/295238935/answer/495125708
2020-03-10 23:41:19,646 - root - INFO - 剪藏成功 : www.zhihu.com/question/295181406/answer/503103435
2020-03-10 23:41:24,696 - root - INFO - 剪藏成功 : www.zhihu.com/question/341560726/answer/839995471
2020-03-10 23:41:30,941 - root - INFO - 剪藏成功 : www.zhihu.com/question/19759297/answer/546897389
2020-03-10 23:41:36,346 - root - INFO - 剪藏成功 : www.zhihu.com/question/321433640/answer/823354521
2020-03-10 23:41:41,800 - root - INFO - 剪藏成功 : www.zhihu.com/question/64203939/answer/752843669
2020-03-10 23:41:49,064 - root - INFO - 剪藏成功 : www.zhihu.com/question/55899160/answer/254470497
2020-03-10 23:41:54,907 - root - INFO - 剪藏成功 : www.zhihu.com/question/35737930/answer/493556346
2020-03-10 23:42:00,331 - root - INFO - 剪藏成功 : www.zhihu.com/question/333433907/answer/825770590
2020-03-10 23:42:11,427 - root - INFO - 剪藏成功 : www.zhihu.com/question/61333208/answer/358040697
2020-03-10 23:42:16,924 - root - INFO - 剪藏成功 : www.zhihu.com/question/62372823/answer/251185339
2020-03-10 23:42:22,168 - root - INFO - 剪藏成功 : www.zhihu.com/question/21685930/answer/822020565
2020-03-10 23:42:27,812 - root - INFO - 剪藏成功 : www.zhihu.com/question/296132052/answer/499546523
2020-03-10 23:42:33,656 - root - INFO - 剪藏成功 : www.zhihu.com/question/295314440/answer/495623188
2020-03-10 23:42:51,912 - root - INFO - 剪藏成功 : www.zhihu.com/question/279102208/answer/496208684
2020-03-10 23:42:57,501 - root - INFO - 剪藏成功 : www.zhihu.com/question/303917671/answer/1026583181
2020-03-10 23:43:06,422 - root - INFO - 剪藏成功 : www.zhihu.com/question/20615865/answer/765468376
2020-03-10 23:43:19,518 - root - INFO - 剪藏成功 : www.zhihu.com/question/20333333/answer/745344704
2020-03-10 23:43:37,372 - root - INFO - 剪藏成功 : www.zhihu.com/question/23832952/answer/948356780
2020-03-10 23:43:43,349 - root - INFO - 剪藏成功 : www.zhihu.com/question/30147821/answer/169294728
2020-03-10 23:43:50,801 - root - INFO - 剪藏成功 : www.zhihu.com/question/37174334/answer/82354012
2020-03-10 23:43:56,855 - root - INFO - 剪藏成功 : www.zhihu.com/question/27829621/answer/76988950
2020-03-10 23:44:03,417 - root - INFO - 剪藏成功 : www.zhihu.com/question/36779269/answer/89460353
2020-03-10 23:44:09,027 - root - INFO - 剪藏成功 : www.zhihu.com/question/57391414/answer/153486579
2020-03-10 23:44:17,097 - root - INFO - 剪藏成功 : www.zhihu.com/question/20407317/answer/78937616
2020-03-10 23:44:26,223 - root - INFO - 剪藏成功 : www.zhihu.com/question/40439927/answer/107619657
2020-03-10 23:44:33,346 - root - INFO - 剪藏成功 : www.zhihu.com/question/27855790/answer/251498189
2020-03-10 23:44:43,899 - root - INFO - 剪藏成功 : www.zhihu.com/question/27864852/answer/85241611
2020-03-10 23:44:50,335 - root - INFO - 剪藏成功 : www.zhihu.com/question/29689321/answer/45897038
2020-03-10 23:44:57,620 - root - INFO - 剪藏成功 : www.zhihu.com/question/20529731/answer/36331627
2020-03-10 23:45:02,598 - root - INFO - 剪藏成功 : www.zhihu.com/question/23689468/answer/25351247
2020-03-10 23:45:08,948 - root - INFO - 剪藏成功 : www.zhihu.com/question/35187722/answer/134614889
2020-03-10 23:45:14,810 - root - INFO - 剪藏成功 : www.zhihu.com/question/31898227/answer/67825979
2020-03-10 23:45:21,920 - root - INFO - 剪藏成功 : www.zhihu.com/question/301619955/answer/534714758
2020-03-10 23:45:27,311 - root - INFO - 剪藏成功 : www.zhihu.com/question/54231137/answer/793123363
2020-03-10 23:45:36,166 - root - INFO - 剪藏成功 : www.zhihu.com/question/371584885/answer/1015513831
2020-03-10 23:45:42,412 - root - INFO - 剪藏成功 : zhuanlan.zhihu.com/p/106731864
2020-03-10 23:45:47,871 - root - INFO - 剪藏成功 : www.zhihu.com/question/37975711/answer/1015740546
2020-03-10 23:45:53,686 - root - INFO - 剪藏成功 : www.zhihu.com/question/348645588/answer/841683134
2020-03-10 23:46:18,245 - root - INFO - 剪藏成功 : www.zhihu.com/question/50947794/answer/123769221
2020-03-10 23:46:24,903 - root - INFO - 剪藏成功 : www.zhihu.com/question/61098126/answer/184114808
2020-03-10 23:46:30,470 - root - INFO - 剪藏成功 : www.zhihu.com/question/277882723/answer/397369039
2020-03-10 23:46:37,510 - root - INFO - 剪藏成功 : www.zhihu.com/question/371584885/answer/1014205475
2020-03-10 23:46:45,243 - root - INFO - 剪藏成功 : www.zhihu.com/question/323976342/answer/1012975817
2020-03-10 23:46:55,056 - root - INFO - 剪藏成功 : www.zhihu.com/question/58474365/answer/158046477
2020-03-10 23:47:03,182 - root - INFO - 剪藏成功 : www.zhihu.com/question/367629230/answer/1009460735
2020-03-10 23:47:08,866 - root - INFO - 剪藏成功 : www.zhihu.com/question/30472168/answer/83103626
2020-03-10 23:47:14,397 - root - INFO - 剪藏成功 : www.zhihu.com/question/370839038/answer/1008126027
2020-03-10 23:47:19,623 - root - INFO - 剪藏成功 : www.zhihu.com/question/37407147/answer/92722573
2020-03-10 23:47:25,411 - root - INFO - 剪藏成功 : www.zhihu.com/question/22508677/answer/949188001
2020-03-10 23:47:31,035 - root - INFO - 剪藏成功 : www.zhihu.com/question/27995234/answer/988743933
2020-03-10 23:47:36,196 - root - INFO - 剪藏成功 : zhuanlan.zhihu.com/p/79013800
2020-03-10 23:47:39,910 - root - INFO - 剪藏成功 : zhuanlan.zhihu.com/p/35176916
2020-03-10 23:47:45,919 - root - INFO - 剪藏成功 : www.zhihu.com/question/356351510/answer/988891356
2020-03-10 23:47:51,381 - root - INFO - 剪藏成功 : www.zhihu.com/question/365261289/answer/972891067
2020-03-10 23:47:56,650 - root - INFO - 剪藏成功 : www.zhihu.com/question/33599058/answer/204962549
2020-03-10 23:48:02,877 - root - INFO - 剪藏成功 : www.zhihu.com/question/366982061/answer/1000868660
2020-03-10 23:48:10,371 - root - INFO - 剪藏成功 : www.zhihu.com/question/308332900/answer/573651313
2020-03-10 23:48:15,959 - root - INFO - 剪藏成功 : www.zhihu.com/question/307959368/answer/915353156
2020-03-10 23:48:22,334 - root - INFO - 剪藏成功 : www.zhihu.com/question/369310464/answer/995821065
2020-03-10 23:48:28,527 - root - INFO - 剪藏成功 : www.zhihu.com/question/365905353/answer/995687795
2020-03-10 23:48:34,798 - root - INFO - 剪藏成功 : www.zhihu.com/question/368632346/answer/996493252
2020-03-10 23:48:40,261 - root - INFO - 剪藏成功 : zhuanlan.zhihu.com/p/104794718
2020-03-10 23:48:47,151 - root - INFO - 剪藏成功 : www.zhihu.com/question/269430375/answer/949487695
2020-03-10 23:48:52,459 - root - INFO - 剪藏成功 : www.zhihu.com/question/346526434/answer/994998032
2020-03-10 23:48:59,022 - root - INFO - 剪藏成功 : www.zhihu.com/question/22032540/answer/20124467
2020-03-10 23:49:06,366 - root - INFO - 剪藏成功 : www.zhihu.com/question/358133648/answer/974945573
2020-03-10 23:49:11,821 - root - INFO - 剪藏成功 : www.zhihu.com/question/367098893/answer/994951152
2020-03-10 23:49:18,246 - root - INFO - 剪藏成功 : www.zhihu.com/question/354839646/answer/994153027
2020-03-10 23:49:23,427 - root - INFO - 剪藏成功 : www.zhihu.com/question/368884024/answer/992616260
2020-03-10 23:49:28,862 - root - INFO - 剪藏成功 : www.zhihu.com/question/54522307/answer/972581846
2020-03-10 23:49:34,646 - root - INFO - 剪藏成功 : www.zhihu.com/question/366793777/answer/979991974
2020-03-10 23:49:40,266 - root - INFO - 剪藏成功 : www.zhihu.com/question/368286734/answer/988995575
2020-03-10 23:49:48,496 - root - INFO - 剪藏成功 : www.zhihu.com/question/23148377/answer/907915556
2020-03-10 23:49:58,163 - root - INFO - 剪藏成功 : www.zhihu.com/question/53933719/answer/710542984
2020-03-10 23:50:05,063 - root - INFO - 剪藏成功 : www.zhihu.com/question/44990321/answer/783859052
2020-03-10 23:50:10,982 - root - INFO - 剪藏成功 : www.zhihu.com/question/368178650/answer/987762600
2020-03-10 23:50:16,391 - root - INFO - 剪藏成功 : zhuanlan.zhihu.com/p/104129553
2020-03-10 23:50:21,774 - root - INFO - 剪藏成功 : www.zhihu.com/question/357632946/answer/960748979
2020-03-10 23:50:26,176 - root - INFO - 剪藏成功 : zhuanlan.zhihu.com/p/94713993
2020-03-10 23:50:32,248 - root - INFO - 剪藏成功 : www.zhihu.com/question/367745709/answer/984826235
2020-03-10 23:50:43,547 - root - INFO - 剪藏成功 : www.zhihu.com/question/269941297/answer/920561173
2020-03-10 23:50:50,879 - root - INFO - 剪藏成功 : www.zhihu.com/question/367689086/answer/984166195
2020-03-10 23:50:56,133 - root - INFO - 剪藏成功 : www.zhihu.com/question/366965848/answer/984033577
2020-03-10 23:51:01,473 - root - INFO - 剪藏成功 : www.zhihu.com/question/321753611/answer/983249026
2020-03-10 23:51:07,038 - root - INFO - 剪藏成功 : www.zhihu.com/question/367040338/answer/980240319
2020-03-10 23:51:12,705 - root - INFO - 剪藏成功 : www.zhihu.com/question/367305173/answer/981895366
2020-03-10 23:51:18,837 - root - INFO - 剪藏成功 : www.zhihu.com/question/313376591/answer/964873800
2020-03-10 23:51:24,747 - root - INFO - 剪藏成功 : www.zhihu.com/question/342340031/answer/957542145
2020-03-10 23:51:29,839 - root - INFO - 剪藏成功 : www.zhihu.com/question/330176719/answer/736445155
2020-03-10 23:51:35,091 - root - INFO - 剪藏成功 : www.zhihu.com/question/36249013/answer/870411353
2020-03-10 23:51:41,047 - root - INFO - 剪藏成功 : www.zhihu.com/question/267597532/answer/975652292
2020-03-10 23:51:46,373 - root - INFO - 剪藏成功 : www.zhihu.com/question/361983129/answer/966787744
2020-03-10 23:51:52,812 - root - INFO - 剪藏成功 : www.zhihu.com/question/290765358/answer/968886277
2020-03-10 23:51:59,026 - root - INFO - 剪藏成功 : www.zhihu.com/question/53092283/answer/915709848
2020-03-10 23:52:04,341 - root - INFO - 剪藏成功 : www.zhihu.com/question/351267675/answer/975894579
2020-03-10 23:52:09,684 - root - INFO - 剪藏成功 : www.zhihu.com/question/272259953/answer/976136355
2020-03-10 23:52:16,129 - root - INFO - 剪藏成功 : www.zhihu.com/question/295009798/answer/496577544
2020-03-10 23:52:22,102 - root - INFO - 剪藏成功 : www.zhihu.com/question/365089543/answer/975017268
2020-03-10 23:52:27,402 - root - INFO - 剪藏成功 : www.zhihu.com/question/288694815/answer/960304575
2020-03-10 23:52:33,589 - root - INFO - 剪藏成功 : www.zhihu.com/question/359971577/answer/965645282
2020-03-10 23:52:39,754 - root - INFO - 剪藏成功 : www.zhihu.com/question/345519891/answer/849379020
2020-03-10 23:52:45,864 - root - INFO - 剪藏成功 : www.zhihu.com/question/28226028/answer/44743695
2020-03-10 23:52:51,744 - root - INFO - 剪藏成功 : www.zhihu.com/question/365778004/answer/974712974
2020-03-10 23:52:56,965 - root - INFO - 剪藏成功 : www.zhihu.com/question/341907541/answer/905260464
2020-03-10 23:53:02,418 - root - INFO - 剪藏成功 : www.zhihu.com/question/364078816/answer/962738395
2020-03-10 23:53:07,365 - root - INFO - 剪藏成功 : zhuanlan.zhihu.com/p/68522277
2020-03-10 23:53:12,325 - root - INFO - 剪藏成功 : zhuanlan.zhihu.com/p/32275116
2020-03-10 23:53:18,377 - root - INFO - 剪藏成功 : www.zhihu.com/question/58558217/answer/921626606
2020-03-10 23:53:24,830 - root - INFO - 剪藏成功 : www.zhihu.com/question/58558217/answer/893322797
2020-03-10 23:53:30,699 - root - INFO - 剪藏成功 : www.zhihu.com/question/58558217/answer/935206637
2020-03-10 23:53:36,673 - root - INFO - 剪藏成功 : www.zhihu.com/question/359857993/answer/971033929
2020-03-10 23:53:42,974 - root - INFO - 剪藏成功 : www.zhihu.com/question/346165736/answer/825782517
2020-03-10 23:53:48,685 - root - INFO - 剪藏成功 : www.zhihu.com/question/359009137/answer/926407505
2020-03-10 23:53:55,434 - root - INFO - 剪藏成功 : zhuanlan.zhihu.com/p/64323245
2020-03-10 23:54:01,468 - root - INFO - 剪藏成功 : www.zhihu.com/question/349292992/answer/955623783
2020-03-10 23:54:07,604 - root - INFO - 剪藏成功 : www.zhihu.com/question/23106070/answer/23616648
2020-03-10 23:54:14,193 - root - INFO - 剪藏成功 : www.zhihu.com/question/48674873/answer/133591800
2020-03-10 23:54:26,099 - root - INFO - 剪藏成功 : zhuanlan.zhihu.com/p/95210268
2020-03-10 23:54:32,486 - root - INFO - 剪藏成功 : www.zhihu.com/question/365098465/answer/968428010
2020-03-10 23:54:37,728 - root - INFO - 剪藏成功 : www.zhihu.com/question/357632946/answer/957627949
2020-03-10 23:54:43,964 - root - INFO - 剪藏成功 : www.zhihu.com/question/345387686/answer/961149388
2020-03-10 23:54:49,349 - root - INFO - 剪藏成功 : www.zhihu.com/question/356589347/answer/913656283
2020-03-10 23:54:56,093 - root - INFO - 剪藏成功 : www.zhihu.com/question/288117626/answer/461243121
2020-03-10 23:55:01,973 - root - INFO - 剪藏成功 : www.zhihu.com/question/359863135/answer/968003279
2020-03-10 23:55:08,175 - root - INFO - 剪藏成功 : www.zhihu.com/question/350128174/answer/942735330
2020-03-10 23:55:14,736 - root - INFO - 剪藏成功 : www.zhihu.com/question/298434323/answer/531329381
2020-03-10 23:55:23,411 - root - INFO - 剪藏成功 : www.zhihu.com/question/314810577/answer/965439853
2020-03-10 23:55:30,007 - root - INFO - 剪藏成功 : www.zhihu.com/question/275611680/answer/966478971
2020-03-10 23:55:35,636 - root - INFO - 剪藏成功 : www.zhihu.com/question/62753593/answer/202737939
2020-03-10 23:55:42,829 - root - INFO - 剪藏成功 : www.zhihu.com/question/364834338/answer/965769311
2020-03-10 23:55:48,950 - root - INFO - 剪藏成功 : www.zhihu.com/question/307988961/answer/568338001
2020-03-10 23:55:56,896 - root - INFO - 剪藏成功 : www.zhihu.com/question/39317635/answer/611565605
2020-03-10 23:56:03,839 - root - INFO - 剪藏成功 : www.zhihu.com/question/26458508/answer/666013233
2020-03-10 23:56:09,921 - root - INFO - 剪藏成功 : www.zhihu.com/question/266362548/answer/574310329
2020-03-10 23:56:16,916 - root - INFO - 剪藏成功 : www.zhihu.com/question/304864812/answer/564663894
2020-03-10 23:56:24,207 - root - INFO - 剪藏成功 : www.zhihu.com/question/317762035/answer/659341778
2020-03-10 23:56:29,988 - root - INFO - 剪藏成功 : www.zhihu.com/question/28462756/answer/659320647
2020-03-10 23:56:36,872 - root - INFO - 剪藏成功 : www.zhihu.com/question/361465872/answer/950682799
2020-03-10 23:56:41,860 - root - INFO - 剪藏成功 : zhuanlan.zhihu.com/p/101433263
2020-03-10 23:56:52,517 - root - INFO - 剪藏成功 : www.zhihu.com/question/41771875/answer/965539115
2020-03-10 23:57:03,067 - root - INFO - 剪藏成功 : www.zhihu.com/question/346509006/answer/847712161
2020-03-10 23:57:08,941 - root - INFO - 剪藏成功 : www.zhihu.com/question/361854127/answer/954220155
2020-03-10 23:57:14,231 - root - INFO - 剪藏成功 : www.zhihu.com/question/345756916/answer/963337410
2020-03-10 23:57:22,727 - root - INFO - 剪藏成功 : www.zhihu.com/question/52311734/answer/139357433
2020-03-10 23:57:27,534 - root - INFO - 剪藏成功 : zhuanlan.zhihu.com/p/100046385
2020-03-10 23:57:36,860 - root - INFO - 剪藏成功 : www.zhihu.com/question/364429937/answer/960832616
2020-03-10 23:57:42,146 - root - INFO - 剪藏成功 : www.zhihu.com/question/354418457/answer/961544014
2020-03-10 23:57:47,268 - root - INFO - 剪藏成功 : www.zhihu.com/question/275619503/answer/553143207
2020-03-10 23:57:52,446 - root - INFO - 剪藏成功 : www.zhihu.com/question/266354875/answer/309841169
2020-03-10 23:57:57,782 - root - INFO - 剪藏成功 : www.zhihu.com/question/301340796/answer/525409966
2020-03-10 23:58:09,765 - root - INFO - 剪藏成功 : www.zhihu.com/question/346218641/answer/920947327
2020-03-10 23:58:16,669 - root - INFO - 剪藏成功 : www.zhihu.com/question/26927420/answer/150023819
2020-03-10 23:58:25,239 - root - INFO - 剪藏成功 : www.zhihu.com/question/28710282/answer/902946496
2020-03-10 23:58:32,237 - root - INFO - 剪藏成功 : zhuanlan.zhihu.com/p/100509921
2020-03-10 23:58:38,831 - root - INFO - 剪藏成功 : www.zhihu.com/question/337403631/answer/958258086
2020-03-10 23:58:44,408 - root - INFO - 剪藏成功 : www.zhihu.com/question/341779064/answer/909711851
2020-03-10 23:58:51,332 - root - INFO - 剪藏成功 : www.zhihu.com/question/362394556/answer/956087026
2020-03-10 23:58:58,047 - root - INFO - 剪藏成功 : www.zhihu.com/question/362027869/answer/956283026
2020-03-10 23:59:04,951 - root - INFO - 剪藏成功 : www.zhihu.com/question/363804778/answer/957923222
2020-03-10 23:59:11,882 - root - INFO - 剪藏成功 : www.zhihu.com/question/26398971/answer/32792691
2020-03-10 23:59:17,093 - root - INFO - 剪藏成功 : zhuanlan.zhihu.com/p/51413364
2020-03-10 23:59:23,595 - root - INFO - 剪藏成功 : www.zhihu.com/question/20602526/answer/850189501
2020-03-10 23:59:29,093 - root - INFO - 剪藏成功 : www.zhihu.com/question/47606438/answer/107342259
2020-03-10 23:59:35,511 - root - INFO - 剪藏成功 : www.zhihu.com/question/38714506/answer/116069834
2020-03-10 23:59:42,058 - root - INFO - 剪藏成功 : www.zhihu.com/question/21727056/answer/142083470
2020-03-10 23:59:47,526 - root - INFO - 剪藏成功 : www.zhihu.com/question/24900974/answer/109377178
2020-03-10 23:59:53,950 - root - INFO - 剪藏成功 : www.zhihu.com/question/28903757/answer/237364978
2020-03-10 23:59:59,419 - root - INFO - 剪藏成功 : www.zhihu.com/question/30672849/answer/116415342
2020-03-11 00:00:05,444 - root - INFO - 剪藏成功 : www.zhihu.com/question/38591385/answer/102034558
2020-03-11 00:00:12,615 - root - INFO - 剪藏成功 : www.zhihu.com/question/20370442/answer/198835624
2020-03-11 00:00:18,680 - root - INFO - 剪藏成功 : www.zhihu.com/question/47275087/answer/105473393
2020-03-11 00:00:24,489 - root - INFO - 剪藏成功 : www.zhihu.com/question/29902038/answer/142745465
2020-03-11 00:00:30,054 - root - INFO - 剪藏成功 : www.zhihu.com/question/27855424/answer/954310311
2020-03-11 00:00:35,811 - root - INFO - 剪藏成功 : www.zhihu.com/question/37373471/answer/71831873
2020-03-11 00:00:41,364 - root - INFO - 剪藏成功 : www.zhihu.com/question/356542146/answer/911827035
2020-03-11 00:00:47,527 - root - INFO - 剪藏成功 : www.zhihu.com/question/310259344/answer/952278605
2020-03-11 00:00:53,883 - root - INFO - 剪藏成功 : www.zhihu.com/question/281845730/answer/946982048
2020-03-11 00:01:00,738 - root - INFO - 剪藏成功 : www.zhihu.com/question/354301326/answer/946847312
2020-03-11 00:01:08,731 - root - INFO - 剪藏成功 : www.zhihu.com/question/37086710/answer/83998319
2020-03-11 00:01:14,957 - root - INFO - 剪藏成功 : www.zhihu.com/question/323291240/answer/723015088
2020-03-11 00:01:21,200 - root - INFO - 剪藏成功 : www.zhihu.com/question/359686726/answer/930304532
2020-03-11 00:01:27,951 - root - INFO - 剪藏成功 : www.zhihu.com/question/26699324/answer/901283220
2020-03-11 00:01:34,088 - root - INFO - 剪藏成功 : www.zhihu.com/question/35539383/answer/241146647
2020-03-11 00:01:39,836 - root - INFO - 剪藏成功 : www.zhihu.com/question/63319221/answer/213800745
2020-03-11 00:01:45,464 - root - INFO - 剪藏成功 : www.zhihu.com/question/19717905/answer/135252395
2020-03-11 00:01:51,077 - root - INFO - 剪藏成功 : www.zhihu.com/question/278594044/answer/716348292
2020-03-11 00:01:56,771 - root - INFO - 剪藏成功 : www.zhihu.com/question/53136549/answer/139100540
2020-03-11 00:02:02,363 - root - INFO - 剪藏成功 : www.zhihu.com/question/30214063/answer/637576474
2020-03-11 00:02:07,925 - root - INFO - 剪藏成功 : www.zhihu.com/question/278360826/answer/443009598
2020-03-11 00:02:14,574 - root - INFO - 剪藏成功 : www.zhihu.com/question/63894266/answer/637682023
2020-03-11 00:02:20,756 - root - INFO - 剪藏成功 : www.zhihu.com/question/347087057/answer/888068548
2020-03-11 00:02:26,337 - root - INFO - 剪藏成功 : www.zhihu.com/question/359329400/answer/944653025
2020-03-11 00:02:33,740 - root - INFO - 剪藏成功 : www.zhihu.com/question/361651018/answer/948698353
2020-03-11 00:02:39,264 - root - INFO - 剪藏成功 : www.zhihu.com/question/357410489/answer/949176199
2020-03-11 00:02:44,728 - root - INFO - 剪藏成功 : www.zhihu.com/question/271459836/answer/906794755
2020-03-11 00:02:52,191 - root - INFO - 剪藏成功 : www.zhihu.com/question/292917076/answer/832750013
2020-03-11 00:02:59,166 - root - INFO - 剪藏成功 : www.zhihu.com/question/27883465/answer/93161520
2020-03-11 00:03:05,099 - root - INFO - 剪藏成功 : zhuanlan.zhihu.com/p/36642571
2020-03-11 00:03:10,424 - root - INFO - 剪藏成功 : www.zhihu.com/question/322390444/answer/673355942
2020-03-11 00:03:17,729 - root - INFO - 剪藏成功 : www.zhihu.com/question/280876600/answer/926229278
2020-03-11 00:03:24,439 - root - INFO - 剪藏成功 : www.zhihu.com/question/360622233/answer/944141354
2020-03-11 00:03:30,458 - root - INFO - 剪藏成功 : www.zhihu.com/question/27318608/answer/43097968
2020-03-11 00:03:36,143 - root - INFO - 剪藏成功 : www.zhihu.com/question/36213956/answer/67733856
2020-03-11 00:03:42,564 - root - INFO - 剪藏成功 : www.zhihu.com/question/19796242/answer/61265269
2020-03-11 00:03:48,087 - root - INFO - 剪藏成功 : www.zhihu.com/question/28150826/answer/97872928
2020-03-11 00:03:53,497 - root - INFO - 剪藏成功 : www.zhihu.com/question/38821362/answer/79104309
2020-03-11 00:03:59,934 - root - INFO - 剪藏成功 : www.zhihu.com/question/20274183/answer/41689620
2020-03-11 00:04:06,326 - root - INFO - 剪藏成功 : www.zhihu.com/question/39735401/answer/85823477
2020-03-11 00:04:12,783 - root - INFO - 剪藏成功 : www.zhihu.com/question/25361051/answer/42704186
2020-03-11 00:04:18,212 - root - INFO - 剪藏成功 : www.zhihu.com/question/36564982/answer/68263892
2020-03-11 00:04:24,620 - root - INFO - 剪藏成功 : www.zhihu.com/question/20052781/answer/44456625
2020-03-11 00:04:30,879 - root - INFO - 剪藏成功 : www.zhihu.com/question/28690552/answer/42278299
2020-03-11 00:04:39,647 - root - INFO - 剪藏成功 : www.zhihu.com/question/28935669/answer/50655393
2020-03-11 00:04:45,612 - root - INFO - 剪藏成功 : www.zhihu.com/question/24210550/answer/76862070
2020-03-11 00:04:51,349 - root - INFO - 剪藏成功 : www.zhihu.com/question/45776649/answer/99866800
2020-03-11 00:04:57,285 - root - INFO - 剪藏成功 : www.zhihu.com/question/29312685/answer/63504162
2020-03-11 00:05:02,844 - root - INFO - 剪藏成功 : www.zhihu.com/question/28086369/answer/49841896
2020-03-11 00:05:08,709 - root - INFO - 剪藏成功 : www.zhihu.com/question/27962530/answer/38815712
2020-03-11 00:05:15,746 - root - INFO - 剪藏成功 : www.zhihu.com/question/34864740/answer/62165983
2020-03-11 00:05:21,545 - root - INFO - 剪藏成功 : www.zhihu.com/question/28454970/answer/43314556
2020-03-11 00:05:27,239 - root - INFO - 剪藏成功 : www.zhihu.com/question/20696502/answer/485029919
2020-03-11 00:05:32,816 - root - INFO - 剪藏成功 : www.zhihu.com/question/357857879/answer/939109760
2020-03-11 00:05:39,039 - root - INFO - 剪藏成功 : www.zhihu.com/question/358250805/answer/918053812
2020-03-11 00:05:45,326 - root - INFO - 剪藏成功 : www.zhihu.com/question/352899305/answer/881313825
2020-03-11 00:05:51,519 - root - INFO - 剪藏成功 : zhuanlan.zhihu.com/p/97938472
2020-03-11 00:05:58,700 - root - INFO - 剪藏成功 : www.zhihu.com/question/313514734/answer/837406049
2020-03-11 00:06:05,070 - root - INFO - 剪藏成功 : www.zhihu.com/question/359059833/answer/943991804
2020-03-11 00:06:18,714 - root - INFO - 剪藏成功 : www.zhihu.com/question/346218641/answer/894533952
2020-03-11 00:06:25,247 - root - INFO - 剪藏成功 : www.zhihu.com/question/271142782/answer/363476753
2020-03-11 00:06:31,527 - root - INFO - 剪藏成功 : www.zhihu.com/question/20406962/answer/316318685
2020-03-11 00:06:36,966 - root - INFO - 剪藏成功 : www.zhihu.com/question/63844463/answer/243847489
2020-03-11 00:06:42,141 - root - INFO - 剪藏成功 : www.zhihu.com/question/37229167/answer/71301786
2020-03-11 00:06:48,657 - root - INFO - 剪藏成功 : www.zhihu.com/question/22347972/answer/530678577
2020-03-11 00:06:54,972 - root - INFO - 剪藏成功 : www.zhihu.com/question/325344148/answer/690557234
2020-03-11 00:07:01,102 - root - INFO - 剪藏成功 : www.zhihu.com/question/57040157/answer/152010983
2020-03-11 00:07:07,948 - root - INFO - 剪藏成功 : www.zhihu.com/question/343003613/answer/805813823
2020-03-11 00:07:13,995 - root - INFO - 剪藏成功 : www.zhihu.com/question/36966611/answer/69809352
2020-03-11 00:07:19,459 - root - INFO - 剪藏成功 : www.zhihu.com/question/40310526/answer/417209939
2020-03-11 00:07:25,858 - root - INFO - 剪藏成功 : www.zhihu.com/question/31292657/answer/51349264
2020-03-11 00:07:31,210 - root - INFO - 剪藏成功 : www.zhihu.com/question/58225198/answer/165630653
2020-03-11 00:07:38,938 - root - INFO - 剪藏成功 : www.zhihu.com/question/31522937/answer/69455194
2020-03-11 00:07:46,387 - root - INFO - 剪藏成功 : www.zhihu.com/question/53381416/answer/134897167
2020-03-11 00:07:52,630 - root - INFO - 剪藏成功 : www.zhihu.com/question/21231158/answer/85658651
2020-03-11 00:07:58,022 - root - INFO - 剪藏成功 : www.zhihu.com/question/34666286/answer/529376687
2020-03-11 00:08:04,767 - root - INFO - 剪藏成功 : www.zhihu.com/question/313237184/answer/606908849
2020-03-11 00:08:11,153 - root - INFO - 剪藏成功 : www.zhihu.com/question/299113953/answer/523652991
2020-03-11 00:08:17,292 - root - INFO - 剪藏成功 : zhuanlan.zhihu.com/p/97952721
2020-03-11 00:08:22,833 - root - INFO - 剪藏成功 : www.zhihu.com/question/267341371/answer/367807397
2020-03-11 00:08:28,994 - root - INFO - 剪藏成功 : www.zhihu.com/question/30933565/answer/52682806
2020-03-11 00:08:34,178 - root - INFO - 剪藏成功 : www.zhihu.com/question/48310676/answer/132391186
2020-03-11 00:08:40,303 - root - INFO - 剪藏成功 : www.zhihu.com/question/34423729/answer/263815032
2020-03-11 00:08:46,678 - root - INFO - 剪藏成功 : www.zhihu.com/question/36479332/answer/68098041
2020-03-11 00:08:52,204 - root - INFO - 剪藏成功 : www.zhihu.com/question/22620726/answer/527077559
2020-03-11 00:08:58,088 - root - INFO - 剪藏成功 : www.zhihu.com/question/308667818/answer/574716336
2020-03-11 00:09:08,596 - root - INFO - 剪藏成功 : www.zhihu.com/question/31515263/answer/108584738
2020-03-11 00:09:19,218 - root - INFO - 剪藏成功 : www.zhihu.com/question/310903962/answer/587872734
2020-03-11 00:09:24,787 - root - INFO - 剪藏成功 : www.zhihu.com/question/314671571/answer/615774971
2020-03-11 00:09:30,139 - root - INFO - 剪藏成功 : www.zhihu.com/question/21002275/answer/660929886
2020-03-11 00:09:36,730 - root - INFO - 剪藏成功 : www.zhihu.com/question/347692093/answer/835279611
2020-03-11 00:09:44,022 - root - INFO - 剪藏成功 : www.zhihu.com/question/336267047/answer/855611922
2020-03-11 00:09:50,137 - root - INFO - 剪藏成功 : www.zhihu.com/question/353490730/answer/879379348
2020-03-11 00:10:01,524 - root - INFO - 剪藏成功 : www.zhihu.com/question/308375308/answer/654570074
2020-03-11 00:10:12,877 - root - INFO - 剪藏成功 : www.zhihu.com/question/323742150/answer/679817180
2020-03-11 00:10:18,877 - root - INFO - 剪藏成功 : www.zhihu.com/question/324274659/answer/690052603
2020-03-11 00:10:25,147 - root - INFO - 剪藏成功 : www.zhihu.com/question/345035074/answer/818624975
2020-03-11 00:10:32,187 - root - INFO - 剪藏成功 : www.zhihu.com/question/346924084/answer/831311955
2020-03-11 00:10:40,096 - root - INFO - 剪藏成功 : www.zhihu.com/question/357144637/answer/905012431
2020-03-11 00:10:46,124 - root - INFO - 剪藏成功 : zhuanlan.zhihu.com/p/82279575
2020-03-11 00:10:52,532 - root - INFO - 剪藏成功 : www.zhihu.com/question/36837242/answer/264474921
2020-03-11 00:10:58,814 - root - INFO - 剪藏成功 : www.zhihu.com/question/67473950/answer/937707144
2020-03-11 00:11:05,144 - root - INFO - 剪藏成功 : www.zhihu.com/question/38222268/answer/937730719
2020-03-11 00:11:10,884 - root - INFO - 剪藏成功 : www.zhihu.com/question/26063398/answer/145812139
2020-03-11 00:11:17,209 - root - INFO - 剪藏成功 : www.zhihu.com/question/263858811/answer/274193471
2020-03-11 00:11:24,149 - root - INFO - 剪藏成功 : www.zhihu.com/question/361088989/answer/937737601
2020-03-11 00:11:29,547 - root - INFO - 剪藏成功 : www.zhihu.com/question/341779064/answer/917421263
2020-03-11 00:11:35,801 - root - INFO - 剪藏成功 : www.zhihu.com/question/333522299/answer/739419906
2020-03-11 00:11:40,977 - root - INFO - 剪藏成功 : www.zhihu.com/question/54704814/answer/937235381
2020-03-11 00:11:46,216 - root - INFO - 剪藏成功 : www.zhihu.com/question/327749770/answer/720006362
2020-03-11 00:11:51,356 - root - INFO - 剪藏成功 : www.zhihu.com/question/42534688/answer/914707833
2020-03-11 00:11:56,477 - root - INFO - 剪藏成功 : www.zhihu.com/question/349960566/answer/914653161
2020-03-11 00:12:05,517 - root - INFO - 剪藏成功 : www.zhihu.com/question/353014464/answer/896345427
2020-03-11 00:12:11,091 - root - INFO - 剪藏成功 : www.zhihu.com/question/321168776/answer/775381448
2020-03-11 00:12:17,256 - root - INFO - 剪藏成功 : www.zhihu.com/question/309415265/answer/712604022
2020-03-11 00:12:22,401 - root - INFO - 剪藏成功 : www.zhihu.com/question/303899941/answer/859721202
2020-03-11 00:12:27,560 - root - INFO - 剪藏成功 : www.zhihu.com/question/318588715/answer/761306140
2020-03-11 00:12:33,924 - root - INFO - 剪藏成功 : www.zhihu.com/question/319080696/answer/672533965
2020-03-11 00:12:39,242 - root - INFO - 剪藏成功 : www.zhihu.com/question/331606881/answer/743779993
2020-03-11 00:12:45,322 - root - INFO - 剪藏成功 : www.zhihu.com/question/264911117/answer/886107016
2020-03-11 00:12:50,871 - root - INFO - 剪藏成功 : www.zhihu.com/question/320314301/answer/652642766
2020-03-11 00:12:57,250 - root - INFO - 剪藏成功 : www.zhihu.com/question/33971405/answer/749087420
2020-03-11 00:13:08,860 - root - INFO - 剪藏成功 : www.zhihu.com/question/360701391/answer/936726314
2020-03-11 00:13:16,801 - root - INFO - 剪藏成功 : www.zhihu.com/question/58473020/answer/529561539
2020-03-11 00:13:23,163 - root - INFO - 剪藏成功 : www.zhihu.com/question/355819404/answer/935413013
2020-03-11 00:13:28,568 - root - INFO - 剪藏成功 : www.zhihu.com/question/357882506/answer/928929291
2020-03-11 00:13:33,973 - root - INFO - 剪藏成功 : www.zhihu.com/question/353837007/answer/931612991
2020-03-11 00:13:40,510 - root - INFO - 剪藏成功 : www.zhihu.com/question/52178718/answer/791229509
2020-03-11 00:13:46,143 - root - INFO - 剪藏成功 : www.zhihu.com/question/352265943/answer/930362250
2020-03-11 00:13:51,479 - root - INFO - 剪藏成功 : www.zhihu.com/question/33393537/answer/813828218
2020-03-11 00:14:02,365 - root - INFO - 剪藏成功 : www.zhihu.com/question/298418436/answer/926294459
2020-03-11 00:14:09,027 - root - INFO - 剪藏成功 : www.zhihu.com/question/354971128/answer/926318479
2020-03-11 00:14:14,934 - root - INFO - 剪藏成功 : www.zhihu.com/question/340712338/answer/828056711
2020-03-11 00:14:22,229 - root - INFO - 剪藏成功 : www.zhihu.com/question/296368004/answer/522742645
2020-03-11 00:14:29,465 - root - INFO - 剪藏成功 : www.zhihu.com/question/25039418/answer/153871356
2020-03-11 00:14:36,125 - root - INFO - 剪藏成功 : www.zhihu.com/question/359243961/answer/923673162
2020-03-29 21:39:08,927 - root - INFO - allUrl: ['www.zhihu.com/question/27033266/answer/939087934', 'www.zhihu.com/question/65160740/answer/924836838', 'zhuanlan.zhihu.com/p/79918849', 'www.zhihu.com/question/46770386/answer/797812681', 'www.zhihu.com/question/55750623/answer/1042715528']......
2020-03-29 21:39:19,581 - root - INFO - 剪藏成功 : www.zhihu.com/question/27033266/answer/939087934
2020-03-29 21:39:27,157 - root - INFO - 剪藏成功 : www.zhihu.com/question/65160740/answer/924836838
2020-03-29 21:39:33,672 - root - INFO - 剪藏成功 : zhuanlan.zhihu.com/p/79918849
2020-03-29 21:39:40,163 - root - INFO - 剪藏成功 : www.zhihu.com/question/46770386/answer/797812681
2020-03-29 21:39:47,066 - root - INFO - 剪藏成功 : www.zhihu.com/question/55750623/answer/1042715528
2020-03-29 21:39:53,360 - root - INFO - 剪藏成功 : www.zhihu.com/question/34494149/answer/273206981
2020-03-29 21:39:59,639 - root - INFO - 剪藏成功 : www.zhihu.com/question/55750623/answer/949187837
2020-03-29 21:40:08,093 - root - INFO - 剪藏成功 : www.zhihu.com/question/342838987/answer/835921276
2020-03-29 21:40:14,753 - root - INFO - 剪藏成功 : www.zhihu.com/question/342838987/answer/806515690
2020-03-29 21:40:21,391 - root - INFO - 剪藏成功 : www.zhihu.com/question/29072338/answer/948412584
2020-03-29 21:40:28,122 - root - INFO - 剪藏成功 : www.zhihu.com/question/21566602/answer/366624558
2020-03-29 21:40:34,215 - root - INFO - 剪藏成功 : www.zhihu.com/question/373438316/answer/1058200257
2020-03-29 21:40:41,472 - root - INFO - 剪藏成功 : www.zhihu.com/question/375279000/answer/1108719089
2020-03-29 21:40:47,661 - root - INFO - 剪藏成功 : www.zhihu.com/question/380060114/answer/1108478604
2020-03-29 21:40:53,343 - root - INFO - 剪藏成功 : zhuanlan.zhihu.com/p/116525411
2020-03-29 21:40:59,189 - root - INFO - 剪藏成功 : zhuanlan.zhihu.com/p/41004809
2020-03-29 21:41:07,662 - root - INFO - 剪藏成功 : www.zhihu.com/question/380985186/answer/1103953034
2020-03-29 21:41:17,534 - root - INFO - 剪藏成功 : www.zhihu.com/question/264939666/answer/815250552
2020-03-29 21:41:23,825 - root - INFO - 剪藏成功 : www.zhihu.com/question/276338433/answer/518047656
2020-03-29 21:41:30,670 - root - INFO - 剪藏成功 : www.zhihu.com/question/359511720/answer/1078868415
2020-03-29 21:41:36,803 - root - INFO - 剪藏成功 : www.zhihu.com/question/378775074/answer/1089741743
2020-03-29 21:41:42,554 - root - INFO - 剪藏成功 : www.zhihu.com/question/30457474/answer/48197086
2020-03-29 21:41:48,461 - root - INFO - 剪藏成功 : www.zhihu.com/question/30457474/answer/48148702
2020-03-29 21:41:56,116 - root - INFO - 剪藏成功 : www.zhihu.com/question/19760394/answer/167503347
2020-03-29 21:42:02,801 - root - INFO - 剪藏成功 : zhuanlan.zhihu.com/p/115255821
2020-03-29 21:42:09,078 - root - INFO - 剪藏成功 : www.zhihu.com/question/41182911/answer/90190519
2020-03-29 21:42:15,307 - root - INFO - 剪藏成功 : www.zhihu.com/question/372662008/answer/1045571484
2020-03-29 21:42:21,773 - root - INFO - 剪藏成功 : www.zhihu.com/question/378659914/answer/1092733758
2020-03-29 21:42:28,847 - root - INFO - 剪藏成功 : www.zhihu.com/question/46467194/answer/162701431
2020-03-29 21:42:35,021 - root - INFO - 剪藏成功 : www.zhihu.com/question/316778620/answer/882450772
2020-03-29 21:42:46,728 - root - INFO - 剪藏成功 : www.zhihu.com/question/358251052/answer/1050717243
2020-03-29 21:42:53,091 - root - INFO - 剪藏成功 : www.zhihu.com/question/358251052/answer/1041816677
2020-03-29 21:42:59,643 - root - INFO - 剪藏成功 : www.zhihu.com/question/378929674/answer/1085861843
2020-03-29 21:43:06,668 - root - INFO - 剪藏成功 : www.zhihu.com/question/314451938/answer/1094478777
2020-03-29 21:43:13,543 - root - INFO - 剪藏成功 : www.zhihu.com/question/64098717/answer/781469980
2020-03-29 21:43:20,452 - root - INFO - 剪藏成功 : www.zhihu.com/question/24691755/answer/30893012
2020-03-29 21:43:27,625 - root - INFO - 剪藏成功 : www.zhihu.com/question/306637542/answer/564400949
2020-03-29 21:43:34,838 - root - INFO - 剪藏成功 : www.zhihu.com/question/334653809/answer/799475214
2020-03-29 21:43:40,961 - root - INFO - 剪藏成功 : www.zhihu.com/question/21896324/answer/1034502217
2020-03-29 21:43:46,878 - root - INFO - 剪藏成功 : www.zhihu.com/question/21980964/answer/1087360093
2020-03-29 21:43:53,485 - root - INFO - 剪藏成功 : www.zhihu.com/question/20128241/answer/241834011
2020-03-29 21:44:00,018 - root - INFO - 剪藏成功 : www.zhihu.com/question/271140222/answer/369922156
2020-03-29 21:44:06,729 - root - INFO - 剪藏成功 : www.zhihu.com/question/60141108/answer/176009327
2020-03-29 21:44:13,569 - root - INFO - 剪藏成功 : www.zhihu.com/question/61200036/answer/186592768
2020-03-29 21:44:20,632 - root - INFO - 剪藏成功 : www.zhihu.com/question/359543491/answer/1034797833
2020-03-29 21:44:26,989 - root - INFO - 剪藏成功 : www.zhihu.com/question/271364118/answer/828704726
2020-03-29 21:44:33,026 - root - INFO - 剪藏成功 : www.zhihu.com/question/351771517/answer/891461871
2020-03-29 21:44:39,400 - root - INFO - 剪藏成功 : www.zhihu.com/question/317637620/answer/638116366
2020-03-29 21:44:45,252 - root - INFO - 剪藏成功 : www.zhihu.com/question/364882403/answer/965877700
2020-03-29 21:44:50,968 - root - INFO - 剪藏成功 : www.zhihu.com/question/333909290/answer/1050089162
2020-03-29 21:44:57,498 - root - INFO - 剪藏成功 : www.zhihu.com/question/22714379/answer/587038435
2020-03-29 21:45:03,326 - root - INFO - 剪藏成功 : www.zhihu.com/question/50836381/answer/151333876
2020-03-29 21:45:14,217 - root - INFO - 剪藏成功 : www.zhihu.com/question/64321847/answer/220155162
2020-03-29 21:45:20,533 - root - INFO - 剪藏成功 : www.zhihu.com/question/380857699/answer/1091963938
2020-03-29 21:45:27,240 - root - INFO - 剪藏成功 : www.zhihu.com/question/376543859/answer/1055474376
2020-03-29 21:45:34,203 - root - INFO - 剪藏成功 : www.zhihu.com/question/379101178/answer/1091729630
2020-03-29 21:45:40,279 - root - INFO - 剪藏成功 : www.zhihu.com/question/360181611/answer/1091779692
2020-03-29 21:45:53,719 - root - ERROR - Exception : 
Traceback (most recent call last):
  File "F:/0Code/auto_zhihu_clipper/main.py", line 68, in process
    WebDriverWait(driver, 5, 0.5).until(lambda driver:driver.find_element_by_xpath('//button[text()="保存剪藏"]'))  # 点击 保存剪藏
  File "F:\0Code\auto_zhihu_clipper\venv\lib\site-packages\selenium\webdriver\support\wait.py", line 80, in until
    raise TimeoutException(message, screen, stacktrace)
selenium.common.exceptions.TimeoutException: Message: 


2020-03-29 21:46:03,613 - root - INFO - 剪藏成功 : www.zhihu.com/question/23950605/answer/259071250
2020-03-29 21:46:11,222 - root - INFO - 剪藏成功 : www.zhihu.com/question/20769050/answer/85814007
2020-03-29 21:46:18,084 - root - INFO - 剪藏成功 : www.zhihu.com/question/309939627/answer/735391670
2020-03-29 21:46:24,707 - root - INFO - 剪藏成功 : www.zhihu.com/question/282818301/answer/505236527
2020-03-29 21:46:31,550 - root - INFO - 剪藏成功 : www.zhihu.com/question/347748778/answer/1037928130
2020-03-29 21:46:38,318 - root - INFO - 剪藏成功 : www.zhihu.com/question/59398639/answer/1028981821
2020-03-29 21:46:44,411 - root - INFO - 剪藏成功 : www.zhihu.com/question/278971801/answer/1085151610
2020-03-29 21:46:51,103 - root - INFO - 剪藏成功 : zhuanlan.zhihu.com/p/113417782
2020-03-29 21:46:57,287 - root - INFO - 剪藏成功 : www.zhihu.com/question/377392479/answer/1075944192
2020-03-29 21:47:03,953 - root - INFO - 剪藏成功 : www.zhihu.com/question/379018010/answer/1077356542
2020-03-29 21:47:09,933 - root - INFO - 剪藏成功 : www.zhihu.com/question/315245816/answer/627752710
2020-03-29 21:47:16,685 - root - INFO - 剪藏成功 : www.zhihu.com/question/362411100/answer/1067019773
2020-03-29 21:47:22,627 - root - INFO - 剪藏成功 : zhuanlan.zhihu.com/p/75984696
2020-03-29 21:47:29,182 - root - INFO - 剪藏成功 : zhuanlan.zhihu.com/p/38782314
2020-03-29 22:01:08,921 - root - INFO - allUrl: ['www.zhihu.com/question/27033266/answer/939087934', 'www.zhihu.com/question/65160740/answer/924836838', 'zhuanlan.zhihu.com/p/79918849', 'www.zhihu.com/question/46770386/answer/797812681', 'www.zhihu.com/question/55750623/answer/1042715528']......
2020-03-29 22:01:17,012 - root - INFO - 剪藏成功 : www.zhihu.com/question/27033266/answer/939087934
2020-03-29 22:01:23,033 - root - INFO - 剪藏成功 : www.zhihu.com/question/65160740/answer/924836838
2020-03-29 22:01:29,778 - root - INFO - 剪藏成功 : zhuanlan.zhihu.com/p/79918849
2020-03-29 22:01:36,060 - root - INFO - 剪藏成功 : www.zhihu.com/question/46770386/answer/797812681
2020-03-29 22:01:42,497 - root - INFO - 剪藏成功 : www.zhihu.com/question/55750623/answer/1042715528
2020-03-29 22:01:48,517 - root - INFO - 剪藏成功 : www.zhihu.com/question/34494149/answer/273206981
2020-03-29 22:01:54,550 - root - INFO - 剪藏成功 : www.zhihu.com/question/55750623/answer/949187837
2020-03-29 22:02:03,130 - root - INFO - 剪藏成功 : www.zhihu.com/question/342838987/answer/835921276
2020-03-29 22:02:08,820 - root - INFO - 剪藏成功 : www.zhihu.com/question/342838987/answer/806515690
2020-03-29 22:02:15,559 - root - INFO - 剪藏成功 : www.zhihu.com/question/29072338/answer/948412584
2020-03-29 22:02:23,424 - root - INFO - 剪藏成功 : www.zhihu.com/question/21566602/answer/366624558
2020-03-29 22:02:29,734 - root - INFO - 剪藏成功 : www.zhihu.com/question/373438316/answer/1058200257
2020-03-29 22:02:35,714 - root - INFO - 剪藏成功 : www.zhihu.com/question/375279000/answer/1108719089
2020-03-29 22:02:41,699 - root - INFO - 剪藏成功 : www.zhihu.com/question/380060114/answer/1108478604
2020-03-29 22:02:47,279 - root - INFO - 剪藏成功 : zhuanlan.zhihu.com/p/116525411
2020-03-29 22:02:53,383 - root - INFO - 剪藏成功 : zhuanlan.zhihu.com/p/41004809
2020-03-29 22:03:01,950 - root - INFO - 剪藏成功 : www.zhihu.com/question/380985186/answer/1103953034
2020-03-29 22:03:13,142 - root - INFO - 剪藏成功 : www.zhihu.com/question/264939666/answer/815250552
2020-03-29 22:03:19,574 - root - INFO - 剪藏成功 : www.zhihu.com/question/276338433/answer/518047656
2020-03-29 22:03:26,357 - root - INFO - 剪藏成功 : www.zhihu.com/question/359511720/answer/1078868415
2020-03-29 22:03:33,357 - root - INFO - 剪藏成功 : www.zhihu.com/question/378775074/answer/1089741743
2020-03-29 22:03:39,099 - root - INFO - 剪藏成功 : www.zhihu.com/question/30457474/answer/48197086
2020-03-29 22:03:44,660 - root - INFO - 剪藏成功 : www.zhihu.com/question/30457474/answer/48148702
2020-03-29 22:03:51,208 - root - INFO - 剪藏成功 : www.zhihu.com/question/19760394/answer/167503347
2020-03-29 22:03:57,460 - root - INFO - 剪藏成功 : zhuanlan.zhihu.com/p/115255821
2020-03-29 22:04:03,917 - root - INFO - 剪藏成功 : www.zhihu.com/question/41182911/answer/90190519
2020-03-29 22:04:10,095 - root - INFO - 剪藏成功 : www.zhihu.com/question/372662008/answer/1045571484
2020-03-29 22:04:15,851 - root - INFO - 剪藏成功 : www.zhihu.com/question/378659914/answer/1092733758
2020-03-29 22:04:22,051 - root - INFO - 剪藏成功 : www.zhihu.com/question/46467194/answer/162701431
2020-03-29 22:04:28,721 - root - INFO - 剪藏成功 : www.zhihu.com/question/316778620/answer/882450772
2020-03-29 22:04:35,420 - root - INFO - 剪藏成功 : www.zhihu.com/question/358251052/answer/1050717243
2020-03-29 22:04:41,641 - root - INFO - 剪藏成功 : www.zhihu.com/question/358251052/answer/1041816677
2020-03-29 22:04:49,091 - root - INFO - 剪藏成功 : www.zhihu.com/question/378929674/answer/1085861843
2020-03-29 22:04:55,911 - root - INFO - 剪藏成功 : www.zhihu.com/question/314451938/answer/1094478777
2020-03-29 22:05:02,704 - root - INFO - 剪藏成功 : www.zhihu.com/question/64098717/answer/781469980
2020-03-29 22:05:09,416 - root - INFO - 剪藏成功 : www.zhihu.com/question/24691755/answer/30893012
2020-03-29 22:05:15,195 - root - INFO - 剪藏成功 : www.zhihu.com/question/306637542/answer/564400949
2020-03-29 22:05:22,563 - root - INFO - 剪藏成功 : www.zhihu.com/question/334653809/answer/799475214
2020-03-29 22:05:28,545 - root - INFO - 剪藏成功 : www.zhihu.com/question/21896324/answer/1034502217
2020-03-29 22:05:34,433 - root - INFO - 剪藏成功 : www.zhihu.com/question/21980964/answer/1087360093
2020-03-29 22:05:40,730 - root - INFO - 剪藏成功 : www.zhihu.com/question/20128241/answer/241834011
2020-03-29 22:05:46,416 - root - INFO - 剪藏成功 : www.zhihu.com/question/271140222/answer/369922156
2020-03-29 22:05:52,130 - root - INFO - 剪藏成功 : www.zhihu.com/question/60141108/answer/176009327
2020-03-29 22:05:58,448 - root - INFO - 剪藏成功 : www.zhihu.com/question/61200036/answer/186592768
2020-03-29 22:06:04,051 - root - INFO - 剪藏成功 : www.zhihu.com/question/359543491/answer/1034797833
2020-03-29 22:06:09,963 - root - INFO - 剪藏成功 : www.zhihu.com/question/271364118/answer/828704726
2020-03-29 22:06:15,988 - root - INFO - 剪藏成功 : www.zhihu.com/question/351771517/answer/891461871
2020-03-29 22:06:21,869 - root - INFO - 剪藏成功 : www.zhihu.com/question/317637620/answer/638116366
2020-03-29 22:06:27,698 - root - INFO - 剪藏成功 : www.zhihu.com/question/364882403/answer/965877700
2020-03-29 22:06:33,532 - root - INFO - 剪藏成功 : www.zhihu.com/question/333909290/answer/1050089162
2020-03-29 22:06:39,933 - root - INFO - 剪藏成功 : www.zhihu.com/question/22714379/answer/587038435
2020-03-29 22:06:45,979 - root - INFO - 剪藏成功 : www.zhihu.com/question/50836381/answer/151333876
2020-03-29 22:06:51,987 - root - INFO - 剪藏成功 : www.zhihu.com/question/64321847/answer/220155162
2020-03-29 22:06:58,733 - root - INFO - 剪藏成功 : www.zhihu.com/question/380857699/answer/1091963938
2020-03-29 22:07:04,660 - root - INFO - 剪藏成功 : www.zhihu.com/question/376543859/answer/1055474376
2020-03-29 22:07:11,106 - root - INFO - 剪藏成功 : www.zhihu.com/question/379101178/answer/1091729630
2020-03-29 22:07:17,301 - root - INFO - 剪藏成功 : www.zhihu.com/question/360181611/answer/1091779692
2020-03-29 22:07:25,618 - root - INFO - 剪藏成功 : zhuanlan.zhihu.com/p/67328836
2020-03-29 22:07:32,825 - root - INFO - 剪藏成功 : www.zhihu.com/question/23950605/answer/259071250
2020-03-29 22:07:42,513 - root - INFO - 剪藏成功 : www.zhihu.com/question/20769050/answer/85814007
2020-03-29 22:07:48,780 - root - INFO - 剪藏成功 : www.zhihu.com/question/309939627/answer/735391670
2020-03-29 22:07:54,513 - root - INFO - 剪藏成功 : www.zhihu.com/question/282818301/answer/505236527
2020-03-29 22:08:00,197 - root - INFO - 剪藏成功 : www.zhihu.com/question/347748778/answer/1037928130
2020-03-29 22:08:05,904 - root - INFO - 剪藏成功 : www.zhihu.com/question/59398639/answer/1028981821
2020-03-29 22:08:11,647 - root - INFO - 剪藏成功 : www.zhihu.com/question/278971801/answer/1085151610
2020-03-29 22:08:19,312 - root - INFO - 剪藏成功 : zhuanlan.zhihu.com/p/113417782
2020-03-29 22:08:26,392 - root - INFO - 剪藏成功 : www.zhihu.com/question/377392479/answer/1075944192
2020-03-29 22:08:32,950 - root - INFO - 剪藏成功 : www.zhihu.com/question/379018010/answer/1077356542
2020-03-29 22:08:38,708 - root - INFO - 剪藏成功 : www.zhihu.com/question/315245816/answer/627752710
2020-03-29 22:08:45,731 - root - INFO - 剪藏成功 : www.zhihu.com/question/362411100/answer/1067019773
2020-03-29 22:08:51,986 - root - INFO - 剪藏成功 : zhuanlan.zhihu.com/p/75984696
2020-03-29 22:08:58,418 - root - INFO - 剪藏成功 : zhuanlan.zhihu.com/p/38782314
2020-04-02 02:36:06,673 - root - INFO - allUrl: ['www.zhihu.com/question/365621890/answer/1118536995', 'www.zhihu.com/question/354192752/answer/1053739158', 'www.zhihu.com/question/20696592/answer/1119115124', 'www.zhihu.com/question/26452022/answer/428604618', 'www.zhihu.com/question/354167071/answer/1115406084']......
2020-04-02 02:37:21,020 - root - INFO - allUrl: ['www.zhihu.com/question/365621890/answer/1118536995', 'www.zhihu.com/question/354192752/answer/1053739158', 'www.zhihu.com/question/20696592/answer/1119115124', 'www.zhihu.com/question/26452022/answer/428604618', 'www.zhihu.com/question/354167071/answer/1115406084']......
2020-04-02 02:37:28,430 - root - INFO - 剪藏成功 : www.zhihu.com/question/365621890/answer/1118536995
2020-04-02 02:37:36,883 - root - INFO - 剪藏成功 : www.zhihu.com/question/354192752/answer/1053739158
2020-04-02 02:37:43,562 - root - INFO - 剪藏成功 : www.zhihu.com/question/20696592/answer/1119115124
2020-04-02 02:37:51,131 - root - INFO - 剪藏成功 : www.zhihu.com/question/26452022/answer/428604618
2020-04-02 02:37:57,344 - root - INFO - 剪藏成功 : www.zhihu.com/question/354167071/answer/1115406084
2020-04-02 02:38:09,530 - root - INFO - 剪藏成功 : www.zhihu.com/question/22316395/answer/100909780
2020-04-02 02:38:16,088 - root - INFO - 剪藏成功 : zhuanlan.zhihu.com/p/21759861
2020-04-02 02:38:25,041 - root - INFO - 剪藏成功 : www.zhihu.com/question/265812960/answer/811136182
2020-04-02 02:38:33,058 - root - INFO - 剪藏成功 : www.zhihu.com/question/305441480/answer/565968871
2020-04-02 02:38:40,536 - root - INFO - 剪藏成功 : www.zhihu.com/question/263953798/answer/446309133
2020-04-02 02:38:47,672 - root - INFO - 剪藏成功 : www.zhihu.com/question/382911830/answer/1110860626
2020-04-02 02:38:55,151 - root - INFO - 剪藏成功 : www.zhihu.com/question/382282941/answer/1108031312
2020-04-02 02:39:01,128 - root - INFO - 剪藏成功 : www.zhihu.com/question/266262459/answer/306849806
2020-04-02 02:39:07,656 - root - INFO - 剪藏成功 : www.zhihu.com/question/308899000/answer/759634995
2020-04-02 02:39:15,165 - root - INFO - 剪藏成功 : zhuanlan.zhihu.com/p/120407386
2020-04-02 04:51:35,618 - root - INFO - allUrl: ['www.zhihu.com/question/365621890/answer/1118536995', 'www.zhihu.com/question/354192752/answer/1053739158', 'www.zhihu.com/question/20696592/answer/1119115124', 'www.zhihu.com/question/26452022/answer/428604618', 'www.zhihu.com/question/354167071/answer/1115406084']......
2020-04-02 04:51:43,135 - root - INFO - 剪藏成功 : www.zhihu.com/question/365621890/answer/1118536995
2020-04-02 04:51:54,514 - root - INFO - 剪藏成功 : www.zhihu.com/question/354192752/answer/1053739158
2020-04-02 04:52:02,039 - root - INFO - 剪藏成功 : www.zhihu.com/question/20696592/answer/1119115124
2020-04-02 04:52:08,522 - root - INFO - 剪藏成功 : www.zhihu.com/question/26452022/answer/428604618
2020-04-02 04:52:14,744 - root - INFO - 剪藏成功 : www.zhihu.com/question/354167071/answer/1115406084
2020-04-02 04:52:24,309 - root - INFO - 剪藏成功 : www.zhihu.com/question/22316395/answer/100909780
2020-04-02 04:52:30,838 - root - INFO - 剪藏成功 : zhuanlan.zhihu.com/p/21759861
2020-04-02 04:52:42,462 - root - INFO - 剪藏成功 : www.zhihu.com/question/265812960/answer/811136182
2020-04-02 04:52:50,004 - root - INFO - 剪藏成功 : www.zhihu.com/question/305441480/answer/565968871
2020-04-02 04:53:03,316 - root - INFO - 剪藏成功 : www.zhihu.com/question/263953798/answer/446309133
2020-04-02 04:53:10,434 - root - INFO - 剪藏成功 : www.zhihu.com/question/382911830/answer/1110860626
2020-04-02 04:53:17,983 - root - INFO - 剪藏成功 : www.zhihu.com/question/382282941/answer/1108031312
2020-04-02 04:53:23,854 - root - INFO - 剪藏成功 : www.zhihu.com/question/266262459/answer/306849806
2020-04-02 04:53:30,130 - root - INFO - 剪藏成功 : www.zhihu.com/question/308899000/answer/759634995
2020-04-02 04:53:38,518 - root - INFO - 剪藏成功 : zhuanlan.zhihu.com/p/120407386
2020-04-08 05:55:12,440 - root - INFO - allUrl: ['www.zhihu.com/question/29988339/answer/281390606', 'www.zhihu.com/question/24415215/answer/787577501', 'www.zhihu.com/question/21039706/answer/1115956076', 'www.zhihu.com/question/266906859/answer/1068072374', 'www.zhihu.com/question/264893682/answer/1005532882']......
2020-04-08 05:55:27,753 - root - INFO - 剪藏成功 : www.zhihu.com/question/29988339/answer/281390606
2020-04-08 05:55:35,306 - root - INFO - 剪藏成功 : www.zhihu.com/question/24415215/answer/787577501
2020-04-08 05:55:44,538 - root - INFO - 剪藏成功 : www.zhihu.com/question/21039706/answer/1115956076
2020-04-08 05:55:51,864 - root - INFO - 剪藏成功 : www.zhihu.com/question/266906859/answer/1068072374
2020-04-08 05:55:58,812 - root - INFO - 剪藏成功 : www.zhihu.com/question/264893682/answer/1005532882
2020-04-08 05:56:06,569 - root - INFO - 剪藏成功 : www.zhihu.com/question/361348966/answer/939486331
2020-04-08 05:56:13,254 - root - INFO - 剪藏成功 : www.zhihu.com/question/385607866/answer/1133585364
2020-04-08 05:56:23,256 - root - INFO - 剪藏成功 : www.zhihu.com/question/34503429/answer/684889970
2020-04-08 05:56:29,828 - root - INFO - 剪藏成功 : www.zhihu.com/question/20925928/answer/28214928
2020-04-08 05:56:38,081 - root - INFO - 剪藏成功 : www.zhihu.com/question/28930311/answer/149729562
2020-04-08 05:57:00,265 - root - INFO - 剪藏成功 : zhuanlan.zhihu.com/p/27839803
2020-04-08 05:57:37,274 - root - INFO - 剪藏成功 : www.zhihu.com/question/266275474/answer/1059955311
2020-04-08 05:57:44,945 - root - INFO - 剪藏成功 : zhuanlan.zhihu.com/p/35168439
2020-04-08 05:57:51,100 - root - INFO - 剪藏成功 : zhuanlan.zhihu.com/p/30937080
2020-04-08 05:58:01,227 - root - INFO - 剪藏成功 : www.zhihu.com/question/333488427/answer/1098696487
2020-04-08 05:58:08,297 - root - INFO - 剪藏成功 : www.zhihu.com/question/26417746/answer/849210590
2020-04-08 05:58:15,601 - root - INFO - 剪藏成功 : www.zhihu.com/question/65794853/answer/235590390
2020-04-08 05:58:21,957 - root - INFO - 剪藏成功 : www.zhihu.com/question/36524997/answer/623379272
2020-04-08 05:58:28,597 - root - INFO - 剪藏成功 : www.zhihu.com/question/382282941/answer/1112338218
2020-04-08 05:58:39,413 - root - INFO - 剪藏成功 : www.zhihu.com/question/378852600/answer/1128495690
2020-04-08 05:58:45,903 - root - INFO - 剪藏成功 : www.zhihu.com/question/55504311/answer/145021306
2020-04-08 05:58:51,917 - root - INFO - 剪藏成功 : www.zhihu.com/question/381161861/answer/1125894652
2020-04-08 05:58:58,085 - root - INFO - 剪藏成功 : www.zhihu.com/question/313241711/answer/786622518
2020-04-08 05:59:06,065 - root - INFO - 剪藏成功 : www.zhihu.com/question/67333208/answer/1120325397
2020-04-08 06:13:27,141 - root - INFO - allUrl: ['www.zhihu.com/question/67333208/answer/1120325397', 'www.zhihu.com/question/313241711/answer/786622518', 'www.zhihu.com/question/381161861/answer/1125894652', 'www.zhihu.com/question/55504311/answer/145021306', 'www.zhihu.com/question/378852600/answer/1128495690']......
